2019-03-11 16:42:35.758  INFO 6426 --- [main] com.example.demo.DemoApplication         : Starting DemoApplication on baby-Lenovo-Legion-Y7000 with PID 6426 (/home/baby/IdeaProjects/3155/target/classes started by baby in /home/baby/IdeaProjects/3155)
2019-03-11 16:42:35.761  INFO 6426 --- [main] com.example.demo.DemoApplication         : No active profile set, falling back to default profiles: default
2019-03-11 16:42:37.222  INFO 6426 --- [main] .s.d.r.c.RepositoryConfigurationDelegate : Multiple Spring Data modules found, entering strict repository configuration mode!
2019-03-11 16:42:37.225  INFO 6426 --- [main] .s.d.r.c.RepositoryConfigurationDelegate : Bootstrapping Spring Data repositories in DEFAULT mode.
2019-03-11 16:42:37.253  INFO 6426 --- [main] .s.d.r.c.RepositoryConfigurationDelegate : Finished Spring Data repository scanning in 6ms. Found 0 repository interfaces.
2019-03-11 16:42:37.443  INFO 6426 --- [main] trationDelegate$BeanPostProcessorChecker : Bean 'org.springframework.transaction.annotation.ProxyTransactionManagementConfiguration' of type [org.springframework.transaction.annotation.ProxyTransactionManagementConfiguration$$EnhancerBySpringCGLIB$$44f09894] is not eligible for getting processed by all BeanPostProcessors (for example: not eligible for auto-proxying)
2019-03-11 16:42:37.697  INFO 6426 --- [main] o.s.b.w.embedded.tomcat.TomcatWebServer  : Tomcat initialized with port(s): 8080 (http)
2019-03-11 16:42:37.735  INFO 6426 --- [main] o.apache.catalina.core.StandardService   : Starting service [Tomcat]
2019-03-11 16:42:37.736  INFO 6426 --- [main] org.apache.catalina.core.StandardEngine  : Starting Servlet engine: [Apache Tomcat/9.0.16]
2019-03-11 16:42:37.767  INFO 6426 --- [main] o.a.catalina.core.AprLifecycleListener   : The APR based Apache Tomcat Native library which allows optimal performance in production environments was not found on the java.library.path: [/usr/java/packages/lib:/usr/lib64:/lib64:/lib:/usr/lib]
2019-03-11 16:42:37.822  INFO 6426 --- [main] o.a.c.c.C.[Tomcat].[localhost].[/]       : Initializing Spring embedded WebApplicationContext
2019-03-11 16:42:37.822 DEBUG 6426 --- [main] o.s.web.context.ContextLoader            : Published root WebApplicationContext as ServletContext attribute with name [org.springframework.web.context.WebApplicationContext.ROOT]
2019-03-11 16:42:37.822  INFO 6426 --- [main] o.s.web.context.ContextLoader            : Root WebApplicationContext: initialization completed in 1896 ms
2019-03-11 16:42:38.293 DEBUG 6426 --- [main] o.s.w.s.handler.SimpleUrlHandlerMapping  : Patterns [/**/favicon.ico] in 'faviconHandlerMapping'
2019-03-11 16:42:38.408  INFO 6426 --- [main] o.s.s.concurrent.ThreadPoolTaskExecutor  : Initializing ExecutorService 'applicationTaskExecutor'
2019-03-11 16:42:38.414 DEBUG 6426 --- [main] s.w.s.m.m.a.RequestMappingHandlerAdapter : ControllerAdvice beans: 0 @ModelAttribute, 0 @InitBinder, 1 RequestBodyAdvice, 1 ResponseBodyAdvice
2019-03-11 16:42:38.436 DEBUG 6426 --- [main] s.w.s.m.m.a.RequestMappingHandlerMapping : 6 mappings in 'requestMappingHandlerMapping'
2019-03-11 16:42:38.442 DEBUG 6426 --- [main] o.s.w.s.handler.SimpleUrlHandlerMapping  : Patterns [/webjars/**, /**] in 'resourceHandlerMapping'
2019-03-11 16:42:38.447 DEBUG 6426 --- [main] .m.m.a.ExceptionHandlerExceptionResolver : ControllerAdvice beans: 0 @ExceptionHandler, 1 ResponseBodyAdvice
2019-03-11 16:42:38.984  INFO 6426 --- [main] o.s.b.w.embedded.tomcat.TomcatWebServer  : Tomcat started on port(s): 8080 (http) with context path ''
2019-03-11 16:42:38.988  INFO 6426 --- [main] com.example.demo.DemoApplication         : Started DemoApplication in 4.05 seconds (JVM running for 5.286)
2019-03-11 16:43:13.377  INFO 6426 --- [http-nio-8080-exec-1] o.a.c.c.C.[Tomcat].[localhost].[/]       : Initializing Spring DispatcherServlet 'dispatcherServlet'
2019-03-11 16:43:13.378  INFO 6426 --- [http-nio-8080-exec-1] o.s.web.servlet.DispatcherServlet        : Initializing Servlet 'dispatcherServlet'
2019-03-11 16:43:13.378 DEBUG 6426 --- [http-nio-8080-exec-1] o.s.web.servlet.DispatcherServlet        : Detected StandardServletMultipartResolver
2019-03-11 16:43:13.386 DEBUG 6426 --- [http-nio-8080-exec-1] o.s.web.servlet.DispatcherServlet        : enableLoggingRequestDetails='false': request parameters and headers will be masked to prevent unsafe logging of potentially sensitive data
2019-03-11 16:43:13.386  INFO 6426 --- [http-nio-8080-exec-1] o.s.web.servlet.DispatcherServlet        : Completed initialization in 8 ms
2019-03-11 16:43:13.393 DEBUG 6426 --- [http-nio-8080-exec-1] o.s.web.servlet.DispatcherServlet        : GET "/groupUpdate", parameters={}
2019-03-11 16:43:13.395 DEBUG 6426 --- [http-nio-8080-exec-1] s.w.s.m.m.a.RequestMappingHandlerMapping : Mapped to public void com.example.demo.controller.GroupController.groupupdate()
2019-03-11 16:43:13.403  INFO 6426 --- [http-nio-8080-exec-1] com.zaxxer.hikari.HikariDataSource       : HikariPool-1 - Starting...
2019-03-11 16:43:14.391  INFO 6426 --- [http-nio-8080-exec-1] com.zaxxer.hikari.HikariDataSource       : HikariPool-1 - Start completed.
2019-03-11 16:43:14.930 DEBUG 6426 --- [http-nio-8080-exec-1] m.m.a.RequestResponseBodyMethodProcessor : Using 'application/json', given [*/*] and supported [application/json, application/*+json, application/json, application/*+json]
2019-03-11 16:43:14.930 DEBUG 6426 --- [http-nio-8080-exec-1] m.m.a.RequestResponseBodyMethodProcessor : Nothing to write: null body
2019-03-11 16:43:14.932 DEBUG 6426 --- [http-nio-8080-exec-1] o.s.web.servlet.DispatcherServlet        : Completed 200 OK
2019-03-11 16:44:43.823 DEBUG 6426 --- [http-nio-8080-exec-5] o.s.web.servlet.DispatcherServlet        : GET "/groupAll", parameters={}
2019-03-11 16:44:43.823 DEBUG 6426 --- [http-nio-8080-exec-5] s.w.s.m.m.a.RequestMappingHandlerMapping : Mapped to public java.lang.String com.example.demo.controller.GroupController.groupall()
2019-03-11 16:44:44.315 DEBUG 6426 --- [http-nio-8080-exec-5] m.m.a.RequestResponseBodyMethodProcessor : Using 'text/plain', given [*/*] and supported [text/plain, */*, text/plain, */*, application/json, application/*+json, application/json, application/*+json]
2019-03-11 16:44:44.315 DEBUG 6426 --- [http-nio-8080-exec-5] m.m.a.RequestResponseBodyMethodProcessor : Writing ["[{"groupId":1,"groupName":"admin"},{"groupId":2,"groupName":"teacher"},{"groupId":3,"groupName":"A" (truncated)...]
2019-03-11 16:44:44.321 DEBUG 6426 --- [http-nio-8080-exec-5] o.s.web.servlet.DispatcherServlet        : Completed 200 OK
2019-03-11 16:45:00.082 DEBUG 6426 --- [http-nio-8080-exec-6] o.s.web.servlet.DispatcherServlet        : GET "/groupAdd", parameters={}
2019-03-11 16:45:00.082 DEBUG 6426 --- [http-nio-8080-exec-6] s.w.s.m.m.a.RequestMappingHandlerMapping : Mapped to public void com.example.demo.controller.GroupController.groupadd()
2019-03-11 16:45:01.239 DEBUG 6426 --- [http-nio-8080-exec-6] m.m.a.RequestResponseBodyMethodProcessor : Using 'application/json', given [*/*] and supported [application/json, application/*+json, application/json, application/*+json]
2019-03-11 16:45:01.239 DEBUG 6426 --- [http-nio-8080-exec-6] m.m.a.RequestResponseBodyMethodProcessor : Nothing to write: null body
2019-03-11 16:45:01.239 DEBUG 6426 --- [http-nio-8080-exec-6] o.s.web.servlet.DispatcherServlet        : Completed 200 OK
2019-03-11 16:45:26.635 DEBUG 6426 --- [http-nio-8080-exec-7] o.s.web.servlet.DispatcherServlet        : GET "/groupDelete", parameters={}
2019-03-11 16:45:26.635 DEBUG 6426 --- [http-nio-8080-exec-7] s.w.s.m.m.a.RequestMappingHandlerMapping : Mapped to public void com.example.demo.controller.GroupController.groupdelete()
2019-03-11 16:45:27.167 DEBUG 6426 --- [http-nio-8080-exec-7] m.m.a.RequestResponseBodyMethodProcessor : Using 'application/json', given [*/*] and supported [application/json, application/*+json, application/json, application/*+json]
2019-03-11 16:45:27.168 DEBUG 6426 --- [http-nio-8080-exec-7] m.m.a.RequestResponseBodyMethodProcessor : Nothing to write: null body
2019-03-11 16:45:27.168 DEBUG 6426 --- [http-nio-8080-exec-7] o.s.web.servlet.DispatcherServlet        : Completed 200 OK
2019-03-11 16:48:34.725  INFO 6426 --- [Thread-2] o.s.s.concurrent.ThreadPoolTaskExecutor  : Shutting down ExecutorService 'applicationTaskExecutor'
2019-03-11 16:48:34.726  INFO 6426 --- [Thread-2] com.zaxxer.hikari.HikariDataSource       : HikariPool-1 - Shutdown initiated...
2019-03-11 16:48:34.728  INFO 6426 --- [Thread-2] com.zaxxer.hikari.HikariDataSource       : HikariPool-1 - Shutdown completed.
